<?xml version="1.0" encoding="UTF-8"?>
<!-- Generated by org.testng.reporters.JUnitReportReporter -->
<testsuite hostname="Tilak" failures="0" tests="1" name="com.SeleniumPractice.testCases.TC2_AddNewCustomerTest" time="16.130" errors="0" timestamp="2020-06-23T18:12:09 IST" skipped="0">
  <testcase classname="com.SeleniumPractice.testCases.TC2_AddNewCustomerTest" name="addNewCustomer" time="16.130"/>
  <system-out/>
</testsuite> <!-- com.SeleniumPractice.testCases.TC2_AddNewCustomerTest -->
