<?xml version="1.0" encoding="UTF-8"?>
<!-- Generated by org.testng.reporters.JUnitReportReporter -->
<testsuite hostname="Tilak" failures="0" tests="1" name="com.SeleniumPractice.testCases.TC1_LoginTest" time="8.476" errors="0" timestamp="2020-06-26T19:03:43 IST" skipped="0">
  <testcase classname="com.SeleniumPractice.testCases.TC1_LoginTest" name="LoginTest" time="8.476"/>
  <system-out/>
</testsuite> <!-- com.SeleniumPractice.testCases.TC1_LoginTest -->
